nUniMod=20852976
-6 1418796
-4 791010
-3 763508
-2 837141
-1 1388305
1 1388305
2 837141
3 763508
4 791010
6 1418796
nEstRty=10397520
R=1 -6 228
R=1 -4 174
R=1 -3 308
R=1 -2 81
R=1 -1 1
R=1 1 1
R=1 2 81
R=1 3 308
R=1 4 174
R=1 6 228
R=1 nFinite=1584
R=2 -6 1596
R=2 -4 2694
R=2 -3 1916
R=2 -2 321
R=2 -1 1
R=2 1 1
R=2 2 321
R=2 3 1916
R=2 4 2694
R=2 6 1596
R=2 nFinite=13056
R=3 -6 9660
R=3 -4 8814
R=3 -3 9572
R=3 -2 825
R=3 -1 1
R=3 1 1
R=3 2 825
R=3 3 9572
R=3 4 8814
R=3 6 9660
R=3 nFinite=57744
R=4 -6 20988
R=4 -4 23310
R=4 -3 20732
R=4 -2 1689
R=4 -1 1
R=4 1 1
R=4 2 1689
R=4 3 20732
R=4 4 23310
R=4 6 20988
R=4 nFinite=133440
R=5 -6 43284
R=5 -4 64782
R=5 -3 43148
R=5 -2 2601
R=5 -1 1
R=5 1 1
R=5 2 2601
R=5 3 43148
R=5 4 64782
R=5 6 43284
R=5 nFinite=307632
