nUniMod=887953008
-6 33152460
-4 18477678
-3 16853852
-2 19773213
-1 35845669
1 35845669
2 19773213
3 16853852
4 18477678
6 33152460
nEstRty=248205744
R=1 -6 228
R=1 -4 174
R=1 -3 308
R=1 -2 81
R=1 -1 1
R=1 1 1
R=1 2 81
R=1 3 308
R=1 4 174
R=1 6 228
R=1 nFinite=1584
R=2 -6 1596
R=2 -4 2694
R=2 -3 1916
R=2 -2 321
R=2 -1 1
R=2 1 1
R=2 2 321
R=2 3 1916
R=2 4 2694
R=2 6 1596
R=2 nFinite=13056
R=3 -6 9660
R=3 -4 8814
R=3 -3 9572
R=3 -2 825
R=3 -1 1
R=3 1 1
R=3 2 825
R=3 3 9572
R=3 4 8814
R=3 6 9660
R=3 nFinite=57744
R=4 -6 20988
R=4 -4 23310
R=4 -3 20732
R=4 -2 1689
R=4 -1 1
R=4 1 1
R=4 2 1689
R=4 3 20732
R=4 4 23310
R=4 6 20988
R=4 nFinite=133440
R=5 -6 43284
R=5 -4 64782
R=5 -3 43148
R=5 -2 2601
R=5 -1 1
R=5 1 1
R=5 2 2601
R=5 3 43148
R=5 4 64782
R=5 6 43284
R=5 nFinite=307632
R=6 -6 77028
R=6 -4 105678
R=6 -3 73052
R=6 -2 4185
R=6 -1 1
R=6 1 1
R=6 2 4185
R=6 3 73052
R=6 4 105678
R=6 6 77028
R=6 nFinite=519888
R=7 -6 163452
R=7 -4 171006
R=7 -3 155156
R=7 -2 5529
R=7 -1 1
R=7 1 1
R=7 2 5529
R=7 3 155156
R=7 4 171006
R=7 6 163452
R=7 nFinite=990288
R=8 -6 230796
R=8 -4 259446
R=8 -3 219716
R=8 -2 8145
R=8 -1 1
R=8 1 1
R=8 2 8145
R=8 3 219716
R=8 4 259446
R=8 6 230796
R=8 nFinite=1436208
R=9 -6 343788
R=9 -4 368334
R=9 -3 331892
R=9 -2 10401
R=9 -1 1
R=9 1 1
R=9 2 10401
R=9 3 331892
R=9 4 368334
R=9 6 343788
R=9 nFinite=2108832
R=10 -6 455628
R=10 -4 599022
R=10 -3 440036
R=10 -2 13137
R=10 -1 1
R=10 1 1
R=10 2 13137
R=10 3 440036
R=10 4 599022
R=10 6 455628
R=10 nFinite=3015648
