nLooped=-288903179
nUniMod=887953008
-6 33152460
-4 18477678
-3 16853852
-2 19773213
-1 35845669
1 35845669
2 19773213
3 16853852
4 18477678
6 33152460
nEstRty=248205744
R:R=1 -6 228
R:R=1 -4 174
R:R=1 -3 308
R:R=1 -2 81
R:R=1 -1 1
R:R=1 1 1
R:R=1 2 81
R:R=1 3 308
R:R=1 4 174
R:R=1 6 228
R:R=1 SumRtypeCounters=1584
R:R=2 -6 1596
R:R=2 -4 2694
R:R=2 -3 1916
R:R=2 -2 321
R:R=2 -1 1
R:R=2 1 1
R:R=2 2 321
R:R=2 3 1916
R:R=2 4 2694
R:R=2 6 1596
R:R=2 SumRtypeCounters=13056
R:R=3 -6 9660
R:R=3 -4 8814
R:R=3 -3 9572
R:R=3 -2 825
R:R=3 -1 1
R:R=3 1 1
R:R=3 2 825
R:R=3 3 9572
R:R=3 4 8814
R:R=3 6 9660
R:R=3 SumRtypeCounters=57744
R:R=4 -6 20988
R:R=4 -4 23310
R:R=4 -3 20732
R:R=4 -2 1689
R:R=4 -1 1
R:R=4 1 1
R:R=4 2 1689
R:R=4 3 20732
R:R=4 4 23310
R:R=4 6 20988
R:R=4 SumRtypeCounters=133440
R:R=5 -6 43284
R:R=5 -4 64782
R:R=5 -3 43148
R:R=5 -2 2601
R:R=5 -1 1
R:R=5 1 1
R:R=5 2 2601
R:R=5 3 43148
R:R=5 4 64782
R:R=5 6 43284
R:R=5 SumRtypeCounters=307632
R:R=6 -6 77028
R:R=6 -4 105678
R:R=6 -3 73052
R:R=6 -2 4185
R:R=6 -1 1
R:R=6 1 1
R:R=6 2 4185
R:R=6 3 73052
R:R=6 4 105678
R:R=6 6 77028
R:R=6 SumRtypeCounters=519888
R:R=7 -6 163452
R:R=7 -4 171006
R:R=7 -3 155156
R:R=7 -2 5529
R:R=7 -1 1
R:R=7 1 1
R:R=7 2 5529
R:R=7 3 155156
R:R=7 4 171006
R:R=7 6 163452
R:R=7 SumRtypeCounters=990288
R:R=8 -6 230796
R:R=8 -4 259446
R:R=8 -3 219716
R:R=8 -2 8145
R:R=8 -1 1
R:R=8 1 1
R:R=8 2 8145
R:R=8 3 219716
R:R=8 4 259446
R:R=8 6 230796
R:R=8 SumRtypeCounters=1436208
R:R=9 -6 343788
R:R=9 -4 368334
R:R=9 -3 331892
R:R=9 -2 10401
R:R=9 -1 1
R:R=9 1 1
R:R=9 2 10401
R:R=9 3 331892
R:R=9 4 368334
R:R=9 6 343788
R:R=9 SumRtypeCounters=2108832
R:R=10 -6 455628
R:R=10 -4 599022
R:R=10 -3 440036
R:R=10 -2 13137
R:R=10 -1 1
R:R=10 1 1
R:R=10 2 13137
R:R=10 3 440036
R:R=10 4 599022
R:R=10 6 455628
R:R=10 SumRtypeCounters=3015648
O:R=1 1 1
O:R=1 2 163
O:R=1 3 308
O:R=1 4 348
O:R=1 6 764
O:R=1 SumOrderCounters=1584
O:R=2 1 1
O:R=2 2 643
O:R=2 3 1916
O:R=2 4 5388
O:R=2 6 5108
O:R=2 SumOrderCounters=13056
O:R=3 1 1
O:R=3 2 1651
O:R=3 3 9572
O:R=3 4 17628
O:R=3 6 28892
O:R=3 SumOrderCounters=57744
O:R=4 1 1
O:R=4 2 3379
O:R=4 3 20732
O:R=4 4 46620
O:R=4 6 62708
O:R=4 SumOrderCounters=133440
O:R=5 1 1
O:R=5 2 5203
O:R=5 3 43148
O:R=5 4 129564
O:R=5 6 129716
O:R=5 SumOrderCounters=307632
O:R=6 1 1
O:R=6 2 8371
O:R=6 3 73052
O:R=6 4 211356
O:R=6 6 227108
O:R=6 SumOrderCounters=519888
O:R=7 1 1
O:R=7 2 11059
O:R=7 3 155156
O:R=7 4 342012
O:R=7 6 482060
O:R=7 SumOrderCounters=990288
O:R=8 1 1
O:R=8 2 16291
O:R=8 3 219716
O:R=8 4 518892
O:R=8 6 681308
O:R=8 SumOrderCounters=1436208
O:R=9 1 1
O:R=9 2 20803
O:R=9 3 331892
O:R=9 4 736668
O:R=9 6 1019468
O:R=9 SumOrderCounters=2108832
O:R=10 1 1
O:R=10 2 26275
O:R=10 3 440036
O:R=10 4 1198044
O:R=10 6 1351292
O:R=10 SumOrderCounters=3015648
